{"/Users/mac/Desktop/Roadmoney/src/app.ts": {"path":"/Users/mac/Desktop/Roadmoney/src/app.ts","statementMap":{"0":{"start":{"line":1,"column":0},"end":{"line":1,"column":30}},"1":{"start":{"line":2,"column":0},"end":{"line":2,"column":37}},"2":{"start":{"line":3,"column":0},"end":{"line":3,"column":32}},"3":{"start":{"line":5,"column":0},"end":{"line":5,"column":69}},"4":{"start":{"line":6,"column":0},"end":{"line":6,"column":33}},"5":{"start":{"line":8,"column":0},"end":{"line":8,"column":67}},"6":{"start":{"line":9,"column":0},"end":{"line":9,"column":28}},"7":{"start":{"line":11,"column":0},"end":{"line":11,"column":16}},"8":{"start":{"line":13,"column":12},"end":{"line":13,"column":21}},"9":{"start":{"line":14,"column":0},"end":{"line":14,"column":24}},"10":{"start":{"line":15,"column":0},"end":{"line":15,"column":22}},"11":{"start":{"line":16,"column":0},"end":{"line":16,"column":49}},"12":{"start":{"line":17,"column":0},"end":{"line":17,"column":24}},"13":{"start":{"line":19,"column":14},"end":{"line":21,"column":50}},"14":{"start":{"line":21,"column":14},"end":{"line":21,"column":49}},"15":{"start":{"line":23,"column":0},"end":{"line":25,"column":3}},"16":{"start":{"line":24,"column":2},"end":{"line":24,"column":19}},"17":{"start":{"line":27,"column":0},"end":{"line":27,"column":51}},"18":{"start":{"line":29,"column":0},"end":{"line":29,"column":49}},"19":{"start":{"line":33,"column":0},"end":{"line":33,"column":null}}},"fnMap":{"0":{"name":"(anonymous_7)","decl":{"start":{"line":21,"column":8},"end":{"line":21,"column":11}},"loc":{"start":{"line":21,"column":14},"end":{"line":21,"column":49}}},"1":{"name":"(anonymous_8)","decl":{"start":{"line":23,"column":13},"end":{"line":23,"column":14}},"loc":{"start":{"line":23,"column":26},"end":{"line":25,"column":1}}}},"branchMap":{},"s":{"0":1,"1":1,"2":1,"3":1,"4":1,"5":1,"6":1,"7":1,"8":1,"9":1,"10":1,"11":1,"12":1,"13":1,"14":1,"15":1,"16":0,"17":1,"18":1,"19":1},"f":{"0":1,"1":0},"b":{}}
,"/Users/mac/Desktop/Roadmoney/src/Models/payment.ts": {"path":"/Users/mac/Desktop/Roadmoney/src/Models/payment.ts","statementMap":{"0":{"start":{"line":1,"column":0},"end":{"line":1,"column":43}},"1":{"start":{"line":7,"column":22},"end":{"line":24,"column":null}},"2":{"start":{"line":27,"column":21},"end":{"line":27,"column":61}},"3":{"start":{"line":29,"column":0},"end":{"line":29,"column":28}}},"fnMap":{},"branchMap":{},"s":{"0":1,"1":1,"2":1,"3":1},"f":{},"b":{}}
,"/Users/mac/Desktop/Roadmoney/src/controllers/payment-controller.ts": {"path":"/Users/mac/Desktop/Roadmoney/src/controllers/payment-controller.ts","statementMap":{"0":{"start":{"line":1,"column":0},"end":{"line":1,"column":26}},"1":{"start":{"line":3,"column":0},"end":{"line":3,"column":30}},"2":{"start":{"line":4,"column":0},"end":{"line":4,"column":27}},"3":{"start":{"line":6,"column":0},"end":{"line":6,"column":45}},"4":{"start":{"line":8,"column":0},"end":{"line":8,"column":16}},"5":{"start":{"line":10,"column":20},"end":{"line":10,"column":50}},"6":{"start":{"line":13,"column":33},"end":{"line":70,"column":2}},"7":{"start":{"line":13,"column":71},"end":{"line":70,"column":2}},"8":{"start":{"line":14,"column":2},"end":{"line":14,"column":null}},"9":{"start":{"line":15,"column":16},"end":{"line":15,"column":30}},"10":{"start":{"line":16,"column":22},"end":{"line":16,"column":43}},"11":{"start":{"line":17,"column":18},"end":{"line":17,"column":34}},"12":{"start":{"line":18,"column":15},"end":{"line":18,"column":28}},"13":{"start":{"line":19,"column":17},"end":{"line":19,"column":47}},"14":{"start":{"line":21,"column":2},"end":{"line":25,"column":null}},"15":{"start":{"line":22,"column":4},"end":{"line":24,"column":7}},"16":{"start":{"line":27,"column":2},"end":{"line":31,"column":null}},"17":{"start":{"line":28,"column":4},"end":{"line":30,"column":7}},"18":{"start":{"line":34,"column":15},"end":{"line":46,"column":4}},"19":{"start":{"line":48,"column":2},"end":{"line":69,"column":null}},"20":{"start":{"line":49,"column":4},"end":{"line":53,"column":7}},"21":{"start":{"line":55,"column":21},"end":{"line":62,"column":null}},"22":{"start":{"line":65,"column":4},"end":{"line":65,"column":28}},"23":{"start":{"line":67,"column":4},"end":{"line":67,"column":25}},"24":{"start":{"line":68,"column":4},"end":{"line":68,"column":16}},"25":{"start":{"line":13,"column":13},"end":{"line":13,"column":33}},"26":{"start":{"line":77,"column":31},"end":{"line":122,"column":2}},"27":{"start":{"line":77,"column":60},"end":{"line":122,"column":2}},"28":{"start":{"line":78,"column":19},"end":{"line":78,"column":44}},"29":{"start":{"line":80,"column":2},"end":{"line":80,"column":27}},"30":{"start":{"line":83,"column":13},"end":{"line":83,"column":37}},"31":{"start":{"line":86,"column":2},"end":{"line":86,"column":59}},"32":{"start":{"line":87,"column":2},"end":{"line":87,"column":66}},"33":{"start":{"line":88,"column":14},"end":{"line":90,"column":null}},"34":{"start":{"line":92,"column":2},"end":{"line":121,"column":7}},"35":{"start":{"line":94,"column":6},"end":{"line":94,"column":48}},"36":{"start":{"line":96,"column":6},"end":{"line":115,"column":null}},"37":{"start":{"line":101,"column":8},"end":{"line":101,"column":44}},"38":{"start":{"line":102,"column":8},"end":{"line":102,"column":null}},"39":{"start":{"line":110,"column":8},"end":{"line":110,"column":75}},"40":{"start":{"line":112,"column":8},"end":{"line":112,"column":44}},"41":{"start":{"line":114,"column":8},"end":{"line":114,"column":71}},"42":{"start":{"line":119,"column":6},"end":{"line":119,"column":57}},"43":{"start":{"line":120,"column":6},"end":{"line":120,"column":31}},"44":{"start":{"line":77,"column":13},"end":{"line":77,"column":31}}},"fnMap":{"0":{"name":"(anonymous_8)","decl":{"start":{"line":13,"column":33},"end":{"line":13,"column":40}},"loc":{"start":{"line":13,"column":71},"end":{"line":70,"column":2}}},"1":{"name":"(anonymous_9)","decl":{"start":{"line":13,"column":71},"end":{"line":13,"column":null}},"loc":{"start":{"line":13,"column":71},"end":{"line":70,"column":1}}},"2":{"name":"(anonymous_10)","decl":{"start":{"line":77,"column":31},"end":{"line":77,"column":38}},"loc":{"start":{"line":77,"column":60},"end":{"line":122,"column":2}}},"3":{"name":"(anonymous_11)","decl":{"start":{"line":77,"column":60},"end":{"line":77,"column":null}},"loc":{"start":{"line":77,"column":60},"end":{"line":122,"column":1}}},"4":{"name":"(anonymous_12)","decl":{"start":{"line":93,"column":10},"end":{"line":93,"column":11}},"loc":{"start":{"line":93,"column":28},"end":{"line":116,"column":5}}},"5":{"name":"(anonymous_13)","decl":{"start":{"line":117,"column":11},"end":{"line":117,"column":12}},"loc":{"start":{"line":117,"column":24},"end":{"line":121,"column":5}}}},"branchMap":{"0":{"loc":{"start":{"line":19,"column":17},"end":{"line":19,"column":47}},"type":"binary-expr","locations":[{"start":{"line":19,"column":17},"end":{"line":19,"column":40}},{"start":{"line":19,"column":44},"end":{"line":19,"column":47}}]},"1":{"loc":{"start":{"line":21,"column":2},"end":{"line":25,"column":null}},"type":"if","locations":[{"start":{"line":21,"column":2},"end":{"line":25,"column":null}}]},"2":{"loc":{"start":{"line":27,"column":2},"end":{"line":31,"column":null}},"type":"if","locations":[{"start":{"line":27,"column":2},"end":{"line":31,"column":null}}]},"3":{"loc":{"start":{"line":96,"column":6},"end":{"line":115,"column":null}},"type":"if","locations":[{"start":{"line":96,"column":6},"end":{"line":115,"column":null}},{"start":{"line":111,"column":13},"end":{"line":115,"column":null}}]},"4":{"loc":{"start":{"line":97,"column":8},"end":{"line":99,"column":40}},"type":"binary-expr","locations":[{"start":{"line":97,"column":8},"end":{"line":97,"column":45}},{"start":{"line":98,"column":8},"end":{"line":98,"column":61}},{"start":{"line":99,"column":8},"end":{"line":99,"column":40}}]}},"s":{"0":1,"1":1,"2":1,"3":1,"4":1,"5":1,"6":1,"7":2,"8":2,"9":2,"10":2,"11":2,"12":2,"13":2,"14":2,"15":1,"16":1,"17":1,"18":0,"19":0,"20":0,"21":0,"22":0,"23":0,"24":0,"25":1,"26":1,"27":0,"28":0,"29":0,"30":0,"31":0,"32":0,"33":0,"34":0,"35":0,"36":0,"37":0,"38":0,"39":0,"40":0,"41":0,"42":0,"43":0,"44":1},"f":{"0":2,"1":2,"2":0,"3":0,"4":0,"5":0},"b":{"0":[2,0],"1":[1],"2":[1],"3":[0,0],"4":[0,0,0]}}
}
