TN:
SF:src/app.ts
FN:21,(anonymous_7)
FN:23,(anonymous_8)
FNF:2
FNH:1
FNDA:1,(anonymous_7)
FNDA:0,(anonymous_8)
DA:1,1
DA:2,1
DA:3,1
DA:5,1
DA:6,1
DA:8,1
DA:9,1
DA:11,1
DA:13,1
DA:14,1
DA:15,1
DA:16,1
DA:17,1
DA:19,1
DA:21,1
DA:23,1
DA:24,0
DA:27,1
DA:29,1
DA:33,1
LF:20
LH:19
BRF:0
BRH:0
end_of_record
TN:
SF:src/Models/payment.ts
FNF:0
FNH:0
DA:1,1
DA:7,1
DA:27,1
DA:29,1
LF:4
LH:4
BRF:0
BRH:0
end_of_record
TN:
SF:src/controllers/payment-controller.ts
FN:13,(anonymous_8)
FN:13,(anonymous_9)
FN:77,(anonymous_10)
FN:77,(anonymous_11)
FN:93,(anonymous_12)
FN:117,(anonymous_13)
FNF:6
FNH:2
FNDA:2,(anonymous_8)
FNDA:2,(anonymous_9)
FNDA:0,(anonymous_10)
FNDA:0,(anonymous_11)
FNDA:0,(anonymous_12)
FNDA:0,(anonymous_13)
DA:1,1
DA:3,1
DA:4,1
DA:6,1
DA:8,1
DA:10,1
DA:13,2
DA:14,2
DA:15,2
DA:16,2
DA:17,2
DA:18,2
DA:19,2
DA:21,2
DA:22,1
DA:27,1
DA:28,1
DA:34,0
DA:48,0
DA:49,0
DA:55,0
DA:65,0
DA:67,0
DA:68,0
DA:77,1
DA:78,0
DA:80,0
DA:83,0
DA:86,0
DA:87,0
DA:88,0
DA:92,0
DA:94,0
DA:96,0
DA:101,0
DA:102,0
DA:110,0
DA:112,0
DA:114,0
DA:119,0
DA:120,0
LF:41
LH:18
BRDA:19,0,0,2
BRDA:19,0,1,0
BRDA:21,1,0,1
BRDA:27,2,0,1
BRDA:96,3,0,0
BRDA:96,3,1,0
BRDA:97,4,0,0
BRDA:97,4,1,0
BRDA:97,4,2,0
BRF:9
BRH:3
end_of_record
